<?xml version="1.0" encoding="UTF-8"?>
<beans xmlns="http://www.springframework.org/schema/beans" xmlns:xsi="http://www.w3.org/2001/XMLSchema-instance"
	xmlns:aop="http://www.springframework.org/schema/aop"
	xsi:schemaLocation="http://www.springframework.org/schema/beans http://www.springframework.org/schema/beans/spring-beans-2.5.xsd
	http://www.springframework.org/schema/aop http://www.springframework.org/schema/aop/spring-aop-2.5.xsd">
	
	<bean name="rl" class="nl.knaw.dans.common.lang.log.RL">
		<!-- path to the directory where reports should be written -->
		<constructor-arg value="/home/easy/batch/reports/test/app/enz"/>
		<!-- should we declare 'chmod a=rwx'? -->
		<constructor-arg value="true"/>
		<!-- should we extend the report directory with an extra time-based directory? -->
		<constructor-arg value="true"/>
		<!-- the reporter to use -->
		<property name="reporter" ref="reporter"/>
	</bean>
	
	<bean name="reporter" class="nl.knaw.dans.common.lang.log.RLTestReporter">
		<property name="reports">
		 	<list>
		 		<ref bean="overviewReport"/>
		 	</list>
		</property>
	</bean>
	
	<bean name="overviewReport" class="nl.knaw.dans.common.lang.log.OverviewReport"/>
	
</beans>